WARNING:werkzeug: * Debugger is active!
INFO:werkzeug: * Debugger PIN: 476-336-892
INFO:werkzeug: * Detected change in 'C:\\Users\\DELL\\OneDrive\\Desktop\\char\\app.py', reloading
INFO:werkzeug: * Detected change in 'C:\\Users\\DELL\\OneDrive\\Desktop\\char\\app.py', reloading
INFO:werkzeug: * Detected change in 'C:\\Users\\DELL\\OneDrive\\Desktop\\char\\app.py', reloading
INFO:werkzeug: * Detected change in 'C:\\Users\\DELL\\OneDrive\\Desktop\\char\\app.py', reloading
INFO:werkzeug: * Detected change in 'C:\\Users\\DELL\\OneDrive\\Desktop\\char\\app.py', reloading
INFO:werkzeug: * Detected change in 'C:\\Users\\DELL\\OneDrive\\Desktop\\char\\app.py', reloading
INFO:werkzeug: * Detected change in 'C:\\Users\\DELL\\OneDrive\\Desktop\\char\\app.py', reloading
INFO:werkzeug: * Detected change in 'C:\\Users\\DELL\\OneDrive\\Desktop\\char\\app.py', reloading
INFO:werkzeug: * Detected change in 'C:\\Users\\DELL\\OneDrive\\Desktop\\char\\app.py', reloading
INFO:werkzeug: * Detected change in 'C:\\Users\\DELL\\OneDrive\\Desktop\\char\\app.py', reloading
INFO:werkzeug: * Detected change in 'C:\\Users\\DELL\\OneDrive\\Desktop\\char\\app.py', reloading
INFO:werkzeug: * Detected change in 'C:\\Users\\DELL\\OneDrive\\Desktop\\char\\app.py', reloading
INFO:werkzeug: * Detected change in 'C:\\Users\\DELL\\OneDrive\\Desktop\\char\\app.py', reloading
INFO:werkzeug: * Detected change in 'C:\\Users\\DELL\\OneDrive\\Desktop\\char\\app.py', reloading
WARNING:werkzeug: * Debugger is active!
INFO:werkzeug: * Debugger PIN: 476-336-892
INFO:werkzeug:127.0.0.1 - - [27/May/2024 18:56:35] "GET / HTTP/1.1" 200 -
DEBUG:root:Predicted Label: 3
INFO:werkzeug:127.0.0.1 - - [27/May/2024 18:56:40] "POST /predict HTTP/1.1" 200 -
DEBUG:root:Predicted Label: 3
INFO:werkzeug:127.0.0.1 - - [27/May/2024 18:57:37] "POST /predict HTTP/1.1" 200 -
INFO:werkzeug: * Detected change in 'C:\\Users\\DELL\\OneDrive\\Desktop\\char\\.env\\Lib\\site-packages\\blinker\\__init__.py', reloading
INFO:werkzeug: * Detected change in 'C:\\Users\\DELL\\OneDrive\\Desktop\\char\\.env\\Lib\\site-packages\\blinker\\_utilities.py', reloading
INFO:werkzeug: * Detected change in 'C:\\Users\\DELL\\OneDrive\\Desktop\\char\\.env\\Lib\\site-packages\\blinker\\base.py', reloading
INFO:werkzeug: * Detected change in 'C:\\Users\\DELL\\OneDrive\\Desktop\\char\\.env\\Lib\\site-packages\\click\\__init__.py', reloading
INFO:werkzeug: * Detected change in 'C:\\Users\\DELL\\OneDrive\\Desktop\\char\\.env\\Lib\\site-packages\\click\\_winconsole.py', reloading
INFO:werkzeug: * Detected change in 'C:\\Users\\DELL\\OneDrive\\Desktop\\char\\.env\\Lib\\site-packages\\click\\_textwrap.py', reloading
INFO:werkzeug: * Detected change in 'C:\\Users\\DELL\\OneDrive\\Desktop\\char\\.env\\Lib\\site-packages\\click\\_termui_impl.py', reloading
INFO:werkzeug: * Detected change in 'C:\\Users\\DELL\\OneDrive\\Desktop\\char\\.env\\Lib\\site-packages\\click\\_compat.py', reloading
INFO:werkzeug: * Detected change in 'C:\\Users\\DELL\\OneDrive\\Desktop\\char\\.env\\Lib\\site-packages\\click\\utils.py', reloading
INFO:werkzeug: * Detected change in 'C:\\Users\\DELL\\OneDrive\\Desktop\\char\\.env\\Lib\\site-packages\\click\\types.py', reloading
INFO:werkzeug: * Detected change in 'C:\\Users\\DELL\\OneDrive\\Desktop\\char\\.env\\Lib\\site-packages\\click\\testing.py', reloading
INFO:werkzeug: * Detected change in 'C:\\Users\\DELL\\OneDrive\\Desktop\\char\\.env\\Lib\\site-packages\\click\\termui.py', reloading
INFO:werkzeug: * Detected change in 'C:\\Users\\DELL\\OneDrive\\Desktop\\char\\.env\\Lib\\site-packages\\click\\shell_completion.py', reloading
INFO:werkzeug: * Detected change in 'C:\\Users\\DELL\\OneDrive\\Desktop\\char\\.env\\Lib\\site-packages\\click\\parser.py', reloading
INFO:werkzeug: * Detected change in 'C:\\Users\\DELL\\OneDrive\\Desktop\\char\\.env\\Lib\\site-packages\\click\\globals.py', reloading
INFO:werkzeug: * Detected change in 'C:\\Users\\DELL\\OneDrive\\Desktop\\char\\.env\\Lib\\site-packages\\click\\formatting.py', reloading
INFO:werkzeug: * Detected change in 'C:\\Users\\DELL\\OneDrive\\Desktop\\char\\.env\\Lib\\site-packages\\click\\exceptions.py', reloading
INFO:werkzeug: * Detected change in 'C:\\Users\\DELL\\OneDrive\\Desktop\\char\\.env\\Lib\\site-packages\\click\\decorators.py', reloading
INFO:werkzeug: * Detected change in 'C:\\Users\\DELL\\OneDrive\\Desktop\\char\\.env\\Lib\\site-packages\\click\\core.py', reloading
WARNING:werkzeug: * Debugger is active!
INFO:werkzeug: * Debugger PIN: 476-336-892
INFO:werkzeug: * Detected change in 'C:\\Users\\DELL\\OneDrive\\Desktop\\char\\.env\\Lib\\site-packages\\werkzeug\\_internal.py', reloading
INFO:werkzeug: * Detected change in 'C:\\Users\\DELL\\OneDrive\\Desktop\\char\\.env\\Lib\\site-packages\\werkzeug\\_internal.py', reloading
WARNING:werkzeug: * Debugger is active!
INFO:werkzeug: * Debugger PIN: 476-336-892
INFO:werkzeug: * Detected change in 'C:\\Users\\DELL\\OneDrive\\Desktop\\char\\app.py', reloading
INFO:werkzeug: * Detected change in 'C:\\Users\\DELL\\OneDrive\\Desktop\\char\\app.py', reloading
INFO:werkzeug: * Detected change in 'C:\\Users\\DELL\\OneDrive\\Desktop\\char\\app.py', reloading
INFO:werkzeug: * Detected change in 'C:\\Users\\DELL\\OneDrive\\Desktop\\char\\app.py', reloading
INFO:werkzeug: * Detected change in 'C:\\Users\\DELL\\OneDrive\\Desktop\\char\\app.py', reloading
INFO:werkzeug: * Detected change in 'C:\\Users\\DELL\\OneDrive\\Desktop\\char\\app.py', reloading
INFO:werkzeug: * Detected change in 'C:\\Users\\DELL\\OneDrive\\Desktop\\char\\app.py', reloading
INFO:werkzeug:[31m[1mWARNING: This is a development server. Do not use it in a production deployment. Use a production WSGI server instead.[0m
 * Running on http://127.0.0.1:5000
INFO:werkzeug:[33mPress CTRL+C to quit[0m
INFO:werkzeug: * Restarting with watchdog (windowsapi)
WARNING:werkzeug: * Debugger is active!
INFO:werkzeug: * Debugger PIN: 476-336-892
INFO:werkzeug: * Detected change in 'C:\\Users\\DELL\\OneDrive\\Desktop\\char\\app.py', reloading
INFO:werkzeug: * Detected change in 'C:\\Users\\DELL\\OneDrive\\Desktop\\char\\app.py', reloading
INFO:werkzeug: * Detected change in 'C:\\Users\\DELL\\OneDrive\\Desktop\\char\\app.py', reloading
INFO:werkzeug: * Restarting with watchdog (windowsapi)
